<?xml version="1.0" encoding="UTF-8"?>
<testsuites name="Register" time="113.745" tests="5" failures="0" errors="0">
   <testsuite name="Register" tests="5" failures="0" errors="0" time="113.745" skipped="0" timestamp="2022-10-31 20:04:15" hostname="Ageng - DESKTOP-FAISAEC" id="Test Suites/Register/Register">
      <properties>
         <property name="deviceName" value=""/>
         <property name="devicePlatform" value=""/>
         <property name="logFolder" value="C:\\Users\\Ageng\\Katalon Studio\\timbchallengeplatinum-web (3)\\Reports\\20221031_200358\\Register\\Register\\20221031_200358"/>
         <property name="logFiles" value="C:\\Users\\Ageng\\Katalon Studio\\timbchallengeplatinum-web (3)\\Reports\\20221031_200358\\Register\\Register\\20221031_200358\\execution0.log"/>
         <property name="attachments" value=""/>
         <property name="hostName" value="Ageng - DESKTOP-FAISAEC"/>
         <property name="os" value="Windows 10 64bit"/>
         <property name="katalonVersion" value="8.5.0.208"/>
         <property name="browser" value="Chrome 107.0.0.0"/>
         <property name="hostAddress" value="192.168.43.62"/>
         <property name="sessionId" value="c97ef1c021c3afe90e5343fe050147de"/>
         <property name="seleniumVersion" value="3.141.59"/>
         <property name="proxyInformation" value="ProxyInformation { proxyOption=NO_PROXY, proxyServerType=HTTP, username=, password=********, proxyServerAddress=, proxyServerPort=0, executionList=&quot;&quot;, isApplyToDesiredCapabilities=true }"/>
         <property name="platform" value="Windows 10"/>
      </properties>
      <testcase name="Test Cases/StepDefinition/Feature Registrasi/REGIS001 - User want to register with account registered" time="28.112" classname="Test Cases/StepDefinition/Feature Registrasi/REGIS001 - User want to register with account registered" status="PASSED">
         <system-out><![CDATA[2022-10-31 20:04:25 - [TEST_CASE][PASSED] - Test Cases/StepDefinition/Feature Registrasi/REGIS001 - User want to register with account registered: Test Cases/StepDefinition/Feature Registrasi/REGIS001 - User want to register with account registered

2022-10-31 20:04:25 - [TEST_STEP][PASSED] - Start listener action : beforeTestCase: Navigate to 'https://deployed-five.vercel.app/' successfully

2022-10-31 20:04:25 - [TEST_STEP][PASSED] - logInfo("Test Case: " + testCaseContext.getTestCaseId()): Test Case: Test Cases/StepDefinition/Feature Registrasi/REGIS001 - User want to register with account registered

2022-10-31 20:04:25 - [MESSAGE][INFO] - Test Case: Test Cases/StepDefinition/Feature Registrasi/REGIS001 - User want to register with account registered

2022-10-31 20:04:25 - [TEST_STEP][PASSED] - openBrowser(): null

2022-10-31 20:04:25 - [TEST_STEP][PASSED] - openBrowser(""): Browser is opened with url: ''

2022-10-31 20:04:25 - [MESSAGE][WARNING] - A browser is already opened. Closing browser and opening a new one

2022-10-31 20:04:27 - [MESSAGE][INFO] - Starting 'Chrome' driver

2022-10-31 20:04:27 - [MESSAGE][INFO] - Action delay is set to 0 milliseconds

2022-10-31 20:04:29 - [MESSAGE][PASSED] - Browser is opened with url: ''

2022-10-31 20:04:29 - [TEST_STEP][PASSED] - maximizeWindow(): Current window maximized

2022-10-31 20:04:29 - [MESSAGE][PASSED] - Current window maximized

2022-10-31 20:04:29 - [TEST_STEP][PASSED] - navigateToUrl("https://deployed-five.vercel.app/"): Navigate to 'https://deployed-five.vercel.app/' successfully

2022-10-31 20:04:31 - [MESSAGE][PASSED] - Navigate to 'https://deployed-five.vercel.app/' successfully

2022-10-31 20:04:32 - [TEST_STEP][PASSED] - callTestCase(findTestCase("Pages/UserRegister/Click Link Masuk"), [:], STOP_ON_FAILURE): Call Test Case 'Test Cases/Pages/UserRegister/Click Link Masuk' successfully

2022-10-31 20:04:32 - [TEST_CASE][PASSED] - Test Cases/Pages/UserRegister/Click Link Masuk: Test Cases/Pages/UserRegister/Click Link Masuk

2022-10-31 20:04:33 - [TEST_STEP][PASSED] - click(findTestObject("Page_Register/link_Masuk")): Object: 'Object Repository/Page_Register/link_Masuk' is clicked on

2022-10-31 20:04:34 - [MESSAGE][PASSED] - Object: 'Object Repository/Page_Register/link_Masuk' is clicked on

2022-10-31 20:04:34 - [MESSAGE][PASSED] - Call Test Case 'Test Cases/Pages/UserRegister/Click Link Masuk' successfully

2022-10-31 20:04:34 - [TEST_STEP][PASSED] - callTestCase(findTestCase("Pages/UserRegister/Click Link Daftar di sini"), [:], STOP_ON_FAILURE): Call Test Case 'Test Cases/Pages/UserRegister/Click Link Daftar di sini' successfully

2022-10-31 20:04:34 - [TEST_CASE][PASSED] - Test Cases/Pages/UserRegister/Click Link Daftar di sini: Test Cases/Pages/UserRegister/Click Link Daftar di sini

2022-10-31 20:04:35 - [TEST_STEP][PASSED] - click(findTestObject("Page_Register/link_Daftardisini")): Object: 'Object Repository/Page_Register/link_Daftardisini' is clicked on

2022-10-31 20:04:36 - [MESSAGE][PASSED] - Object: 'Object Repository/Page_Register/link_Daftardisini' is clicked on

2022-10-31 20:04:36 - [MESSAGE][PASSED] - Call Test Case 'Test Cases/Pages/UserRegister/Click Link Daftar di sini' successfully

2022-10-31 20:04:36 - [TEST_STEP][PASSED] - callTestCase(findTestCase("Pages/UserRegister/Input Nama"), ["nama":"ageng"], STOP_ON_FAILURE): Call Test Case 'Test Cases/Pages/UserRegister/Input Nama' successfully

2022-10-31 20:04:36 - [TEST_CASE][PASSED] - Test Cases/Pages/UserRegister/Input Nama: Test Cases/Pages/UserRegister/Input Nama

2022-10-31 20:04:37 - [TEST_STEP][PASSED] - sendKeys(findTestObject("Page_Register/input_Nama"), nama): Keys 'ageng' sent to object: 'Object Repository/Page_Register/input_Nama'

2022-10-31 20:04:38 - [MESSAGE][PASSED] - Keys 'ageng' sent to object: 'Object Repository/Page_Register/input_Nama'

2022-10-31 20:04:38 - [MESSAGE][PASSED] - Call Test Case 'Test Cases/Pages/UserRegister/Input Nama' successfully

2022-10-31 20:04:38 - [TEST_STEP][PASSED] - callTestCase(findTestCase("Pages/UserRegister/Input Email"), ["email":"agengjobb@gmail.com"], STOP_ON_FAILURE): Call Test Case 'Test Cases/Pages/UserRegister/Input Email' successfully

2022-10-31 20:04:38 - [TEST_CASE][PASSED] - Test Cases/Pages/UserRegister/Input Email: Test Cases/Pages/UserRegister/Input Email

2022-10-31 20:04:40 - [TEST_STEP][PASSED] - sendKeys(findTestObject("Page_Register/input_Email"), email): Keys 'agengjobb@gmail.com' sent to object: 'Object Repository/Page_Register/input_Email'

2022-10-31 20:04:41 - [MESSAGE][PASSED] - Keys 'agengjobb@gmail.com' sent to object: 'Object Repository/Page_Register/input_Email'

2022-10-31 20:04:41 - [MESSAGE][PASSED] - Call Test Case 'Test Cases/Pages/UserRegister/Input Email' successfully

2022-10-31 20:04:41 - [TEST_STEP][PASSED] - callTestCase(findTestCase("Pages/UserRegister/Input Password"), ["password":"Cobain23"], STOP_ON_FAILURE): Call Test Case 'Test Cases/Pages/UserRegister/Input Password' successfully

2022-10-31 20:04:41 - [TEST_CASE][PASSED] - Test Cases/Pages/UserRegister/Input Password: Test Cases/Pages/UserRegister/Input Password

2022-10-31 20:04:42 - [TEST_STEP][PASSED] - sendKeys(findTestObject("Page_Register/input_Password"), password): Keys 'Cobain23' sent to object: 'Object Repository/Page_Register/input_Password'

2022-10-31 20:04:43 - [MESSAGE][PASSED] - Keys 'Cobain23' sent to object: 'Object Repository/Page_Register/input_Password'

2022-10-31 20:04:43 - [MESSAGE][PASSED] - Call Test Case 'Test Cases/Pages/UserRegister/Input Password' successfully

2022-10-31 20:04:43 - [TEST_STEP][PASSED] - callTestCase(findTestCase("Pages/UserRegister/Click btn Daftar"), [:], STOP_ON_FAILURE): Call Test Case 'Test Cases/Pages/UserRegister/Click btn Daftar' successfully

2022-10-31 20:04:43 - [TEST_CASE][PASSED] - Test Cases/Pages/UserRegister/Click btn Daftar: Test Cases/Pages/UserRegister/Click btn Daftar

2022-10-31 20:04:44 - [TEST_STEP][PASSED] - click(findTestObject("Page_Register/button_Daftar")): Object: 'Object Repository/Page_Register/button_Daftar' is clicked on

2022-10-31 20:04:45 - [MESSAGE][PASSED] - Object: 'Object Repository/Page_Register/button_Daftar' is clicked on

2022-10-31 20:04:45 - [MESSAGE][PASSED] - Call Test Case 'Test Cases/Pages/UserRegister/Click btn Daftar' successfully

2022-10-31 20:04:45 - [TEST_STEP][PASSED] - delay(7): Delayed 7 second(s)

2022-10-31 20:04:52 - [MESSAGE][PASSED] - Delayed 7 second(s)

2022-10-31 20:04:52 - [TEST_STEP][PASSED] - Start listener action : afterTestCase: Browser is closed

2022-10-31 20:04:52 - [TEST_STEP][PASSED] - logInfo("Test Case: " + testCaseContext.getTestCaseId()): Test Case: Test Cases/StepDefinition/Feature Registrasi/REGIS001 - User want to register with account registered

2022-10-31 20:04:52 - [MESSAGE][INFO] - Test Case: Test Cases/StepDefinition/Feature Registrasi/REGIS001 - User want to register with account registered

2022-10-31 20:04:52 - [TEST_STEP][PASSED] - closeBrowser(): null

2022-10-31 20:04:52 - [TEST_STEP][PASSED] - closeBrowser(): Browser is closed

2022-10-31 20:04:53 - [MESSAGE][PASSED] - Browser is closed]]></system-out>
         <system-err><![CDATA[]]></system-err>
      </testcase>
      <testcase name="Test Cases/StepDefinition/Feature Registrasi/REGIS002 - User want to register without nama" time="19.751" classname="Test Cases/StepDefinition/Feature Registrasi/REGIS002 - User want to register without nama" status="PASSED">
         <system-out><![CDATA[2022-10-31 20:04:53 - [TEST_CASE][PASSED] - Test Cases/StepDefinition/Feature Registrasi/REGIS002 - User want to register without nama: Test Cases/StepDefinition/Feature Registrasi/REGIS002 - User want to register without nama

2022-10-31 20:04:53 - [TEST_STEP][PASSED] - Start listener action : beforeTestCase: Navigate to 'https://deployed-five.vercel.app/' successfully

2022-10-31 20:04:53 - [TEST_STEP][PASSED] - logInfo("Test Case: " + testCaseContext.getTestCaseId()): Test Case: Test Cases/StepDefinition/Feature Registrasi/REGIS002 - User want to register without nama

2022-10-31 20:04:53 - [MESSAGE][INFO] - Test Case: Test Cases/StepDefinition/Feature Registrasi/REGIS002 - User want to register without nama

2022-10-31 20:04:53 - [TEST_STEP][PASSED] - openBrowser(): null

2022-10-31 20:04:53 - [TEST_STEP][PASSED] - openBrowser(""): Browser is opened with url: ''

2022-10-31 20:04:53 - [MESSAGE][INFO] - Starting 'Chrome' driver

2022-10-31 20:04:53 - [MESSAGE][INFO] - Action delay is set to 0 milliseconds

2022-10-31 20:04:55 - [MESSAGE][PASSED] - Browser is opened with url: ''

2022-10-31 20:04:55 - [TEST_STEP][PASSED] - maximizeWindow(): Current window maximized

2022-10-31 20:04:56 - [MESSAGE][PASSED] - Current window maximized

2022-10-31 20:04:56 - [TEST_STEP][PASSED] - navigateToUrl("https://deployed-five.vercel.app/"): Navigate to 'https://deployed-five.vercel.app/' successfully

2022-10-31 20:04:57 - [MESSAGE][PASSED] - Navigate to 'https://deployed-five.vercel.app/' successfully

2022-10-31 20:04:58 - [TEST_STEP][PASSED] - callTestCase(findTestCase("Pages/UserRegister/Click Link Masuk"), [:], STOP_ON_FAILURE): Call Test Case 'Test Cases/Pages/UserRegister/Click Link Masuk' successfully

2022-10-31 20:04:58 - [TEST_CASE][PASSED] - Test Cases/Pages/UserRegister/Click Link Masuk: Test Cases/Pages/UserRegister/Click Link Masuk

2022-10-31 20:04:58 - [TEST_STEP][PASSED] - click(findTestObject("Page_Register/link_Masuk")): Object: 'Object Repository/Page_Register/link_Masuk' is clicked on

2022-10-31 20:05:00 - [MESSAGE][PASSED] - Object: 'Object Repository/Page_Register/link_Masuk' is clicked on

2022-10-31 20:05:00 - [MESSAGE][PASSED] - Call Test Case 'Test Cases/Pages/UserRegister/Click Link Masuk' successfully

2022-10-31 20:05:00 - [TEST_STEP][PASSED] - callTestCase(findTestCase("Pages/UserRegister/Click Link Daftar di sini"), [:], STOP_ON_FAILURE): Call Test Case 'Test Cases/Pages/UserRegister/Click Link Daftar di sini' successfully

2022-10-31 20:05:00 - [TEST_CASE][PASSED] - Test Cases/Pages/UserRegister/Click Link Daftar di sini: Test Cases/Pages/UserRegister/Click Link Daftar di sini

2022-10-31 20:05:00 - [TEST_STEP][PASSED] - click(findTestObject("Page_Register/link_Daftardisini")): Object: 'Object Repository/Page_Register/link_Daftardisini' is clicked on

2022-10-31 20:05:01 - [MESSAGE][PASSED] - Object: 'Object Repository/Page_Register/link_Daftardisini' is clicked on

2022-10-31 20:05:01 - [MESSAGE][PASSED] - Call Test Case 'Test Cases/Pages/UserRegister/Click Link Daftar di sini' successfully

2022-10-31 20:05:01 - [TEST_STEP][PASSED] - callTestCase(findTestCase("Pages/UserRegister/Input Email"), ["email":"agengjobb@gmail.com"], STOP_ON_FAILURE): Call Test Case 'Test Cases/Pages/UserRegister/Input Email' successfully

2022-10-31 20:05:01 - [TEST_CASE][PASSED] - Test Cases/Pages/UserRegister/Input Email: Test Cases/Pages/UserRegister/Input Email

2022-10-31 20:05:01 - [TEST_STEP][PASSED] - sendKeys(findTestObject("Page_Register/input_Email"), email): Keys 'agengjobb@gmail.com' sent to object: 'Object Repository/Page_Register/input_Email'

2022-10-31 20:05:02 - [MESSAGE][PASSED] - Keys 'agengjobb@gmail.com' sent to object: 'Object Repository/Page_Register/input_Email'

2022-10-31 20:05:02 - [MESSAGE][PASSED] - Call Test Case 'Test Cases/Pages/UserRegister/Input Email' successfully

2022-10-31 20:05:02 - [TEST_STEP][PASSED] - callTestCase(findTestCase("Pages/UserRegister/Input Password"), ["password":"Cobain23"], STOP_ON_FAILURE): Call Test Case 'Test Cases/Pages/UserRegister/Input Password' successfully

2022-10-31 20:05:02 - [TEST_CASE][PASSED] - Test Cases/Pages/UserRegister/Input Password: Test Cases/Pages/UserRegister/Input Password

2022-10-31 20:05:02 - [TEST_STEP][PASSED] - sendKeys(findTestObject("Page_Register/input_Password"), password): Keys 'Cobain23' sent to object: 'Object Repository/Page_Register/input_Password'

2022-10-31 20:05:03 - [MESSAGE][PASSED] - Keys 'Cobain23' sent to object: 'Object Repository/Page_Register/input_Password'

2022-10-31 20:05:03 - [MESSAGE][PASSED] - Call Test Case 'Test Cases/Pages/UserRegister/Input Password' successfully

2022-10-31 20:05:03 - [TEST_STEP][PASSED] - callTestCase(findTestCase("Pages/UserRegister/Click btn Daftar"), [:], STOP_ON_FAILURE): Call Test Case 'Test Cases/Pages/UserRegister/Click btn Daftar' successfully

2022-10-31 20:05:03 - [TEST_CASE][PASSED] - Test Cases/Pages/UserRegister/Click btn Daftar: Test Cases/Pages/UserRegister/Click btn Daftar

2022-10-31 20:05:03 - [TEST_STEP][PASSED] - click(findTestObject("Page_Register/button_Daftar")): Object: 'Object Repository/Page_Register/button_Daftar' is clicked on

2022-10-31 20:05:04 - [MESSAGE][PASSED] - Object: 'Object Repository/Page_Register/button_Daftar' is clicked on

2022-10-31 20:05:04 - [MESSAGE][PASSED] - Call Test Case 'Test Cases/Pages/UserRegister/Click btn Daftar' successfully

2022-10-31 20:05:04 - [TEST_STEP][PASSED] - delay(7): Delayed 7 second(s)

2022-10-31 20:05:11 - [MESSAGE][PASSED] - Delayed 7 second(s)

2022-10-31 20:05:11 - [TEST_STEP][PASSED] - Start listener action : afterTestCase: Browser is closed

2022-10-31 20:05:11 - [TEST_STEP][PASSED] - logInfo("Test Case: " + testCaseContext.getTestCaseId()): Test Case: Test Cases/StepDefinition/Feature Registrasi/REGIS002 - User want to register without nama

2022-10-31 20:05:11 - [MESSAGE][INFO] - Test Case: Test Cases/StepDefinition/Feature Registrasi/REGIS002 - User want to register without nama

2022-10-31 20:05:11 - [TEST_STEP][PASSED] - closeBrowser(): null

2022-10-31 20:05:11 - [TEST_STEP][PASSED] - closeBrowser(): Browser is closed

2022-10-31 20:05:13 - [MESSAGE][PASSED] - Browser is closed]]></system-out>
         <system-err><![CDATA[]]></system-err>
      </testcase>
      <testcase name="Test Cases/StepDefinition/Feature Registrasi/REGIS003 - User want to register without email address" time="20.03" classname="Test Cases/StepDefinition/Feature Registrasi/REGIS003 - User want to register without email address" status="PASSED">
         <system-out><![CDATA[2022-10-31 20:05:13 - [TEST_CASE][PASSED] - Test Cases/StepDefinition/Feature Registrasi/REGIS003 - User want to register without email address: Test Cases/StepDefinition/Feature Registrasi/REGIS003 - User want to register without email address

2022-10-31 20:05:13 - [TEST_STEP][PASSED] - Start listener action : beforeTestCase: Navigate to 'https://deployed-five.vercel.app/' successfully

2022-10-31 20:05:13 - [TEST_STEP][PASSED] - logInfo("Test Case: " + testCaseContext.getTestCaseId()): Test Case: Test Cases/StepDefinition/Feature Registrasi/REGIS003 - User want to register without email address

2022-10-31 20:05:13 - [MESSAGE][INFO] - Test Case: Test Cases/StepDefinition/Feature Registrasi/REGIS003 - User want to register without email address

2022-10-31 20:05:13 - [TEST_STEP][PASSED] - openBrowser(): null

2022-10-31 20:05:13 - [TEST_STEP][PASSED] - openBrowser(""): Browser is opened with url: ''

2022-10-31 20:05:13 - [MESSAGE][INFO] - Starting 'Chrome' driver

2022-10-31 20:05:13 - [MESSAGE][INFO] - Action delay is set to 0 milliseconds

2022-10-31 20:05:15 - [MESSAGE][PASSED] - Browser is opened with url: ''

2022-10-31 20:05:15 - [TEST_STEP][PASSED] - maximizeWindow(): Current window maximized

2022-10-31 20:05:15 - [MESSAGE][PASSED] - Current window maximized

2022-10-31 20:05:15 - [TEST_STEP][PASSED] - navigateToUrl("https://deployed-five.vercel.app/"): Navigate to 'https://deployed-five.vercel.app/' successfully

2022-10-31 20:05:17 - [MESSAGE][PASSED] - Navigate to 'https://deployed-five.vercel.app/' successfully

2022-10-31 20:05:18 - [TEST_STEP][PASSED] - callTestCase(findTestCase("Pages/UserRegister/Click Link Masuk"), [:], STOP_ON_FAILURE): Call Test Case 'Test Cases/Pages/UserRegister/Click Link Masuk' successfully

2022-10-31 20:05:18 - [TEST_CASE][PASSED] - Test Cases/Pages/UserRegister/Click Link Masuk: Test Cases/Pages/UserRegister/Click Link Masuk

2022-10-31 20:05:18 - [TEST_STEP][PASSED] - click(findTestObject("Page_Register/link_Masuk")): Object: 'Object Repository/Page_Register/link_Masuk' is clicked on

2022-10-31 20:05:19 - [MESSAGE][PASSED] - Object: 'Object Repository/Page_Register/link_Masuk' is clicked on

2022-10-31 20:05:19 - [MESSAGE][PASSED] - Call Test Case 'Test Cases/Pages/UserRegister/Click Link Masuk' successfully

2022-10-31 20:05:19 - [TEST_STEP][PASSED] - callTestCase(findTestCase("Pages/UserRegister/Click Link Daftar di sini"), [:], STOP_ON_FAILURE): Call Test Case 'Test Cases/Pages/UserRegister/Click Link Daftar di sini' successfully

2022-10-31 20:05:19 - [TEST_CASE][PASSED] - Test Cases/Pages/UserRegister/Click Link Daftar di sini: Test Cases/Pages/UserRegister/Click Link Daftar di sini

2022-10-31 20:05:19 - [TEST_STEP][PASSED] - click(findTestObject("Page_Register/link_Daftardisini")): Object: 'Object Repository/Page_Register/link_Daftardisini' is clicked on

2022-10-31 20:05:20 - [MESSAGE][PASSED] - Object: 'Object Repository/Page_Register/link_Daftardisini' is clicked on

2022-10-31 20:05:20 - [MESSAGE][PASSED] - Call Test Case 'Test Cases/Pages/UserRegister/Click Link Daftar di sini' successfully

2022-10-31 20:05:20 - [TEST_STEP][PASSED] - callTestCase(findTestCase("Pages/UserRegister/Input Nama"), ["nama":"ageng"], STOP_ON_FAILURE): Call Test Case 'Test Cases/Pages/UserRegister/Input Nama' successfully

2022-10-31 20:05:20 - [TEST_CASE][PASSED] - Test Cases/Pages/UserRegister/Input Nama: Test Cases/Pages/UserRegister/Input Nama

2022-10-31 20:05:20 - [TEST_STEP][PASSED] - sendKeys(findTestObject("Page_Register/input_Nama"), nama): Keys 'ageng' sent to object: 'Object Repository/Page_Register/input_Nama'

2022-10-31 20:05:21 - [MESSAGE][PASSED] - Keys 'ageng' sent to object: 'Object Repository/Page_Register/input_Nama'

2022-10-31 20:05:21 - [MESSAGE][PASSED] - Call Test Case 'Test Cases/Pages/UserRegister/Input Nama' successfully

2022-10-31 20:05:21 - [TEST_STEP][PASSED] - callTestCase(findTestCase("Pages/UserRegister/Input Password"), ["password":"Cobain23"], STOP_ON_FAILURE): Call Test Case 'Test Cases/Pages/UserRegister/Input Password' successfully

2022-10-31 20:05:21 - [TEST_CASE][PASSED] - Test Cases/Pages/UserRegister/Input Password: Test Cases/Pages/UserRegister/Input Password

2022-10-31 20:05:21 - [TEST_STEP][PASSED] - sendKeys(findTestObject("Page_Register/input_Password"), password): Keys 'Cobain23' sent to object: 'Object Repository/Page_Register/input_Password'

2022-10-31 20:05:22 - [MESSAGE][PASSED] - Keys 'Cobain23' sent to object: 'Object Repository/Page_Register/input_Password'

2022-10-31 20:05:22 - [MESSAGE][PASSED] - Call Test Case 'Test Cases/Pages/UserRegister/Input Password' successfully

2022-10-31 20:05:22 - [TEST_STEP][PASSED] - callTestCase(findTestCase("Pages/UserRegister/Click btn Daftar"), [:], STOP_ON_FAILURE): Call Test Case 'Test Cases/Pages/UserRegister/Click btn Daftar' successfully

2022-10-31 20:05:22 - [TEST_CASE][PASSED] - Test Cases/Pages/UserRegister/Click btn Daftar: Test Cases/Pages/UserRegister/Click btn Daftar

2022-10-31 20:05:22 - [TEST_STEP][PASSED] - click(findTestObject("Page_Register/button_Daftar")): Object: 'Object Repository/Page_Register/button_Daftar' is clicked on

2022-10-31 20:05:25 - [MESSAGE][PASSED] - Object: 'Object Repository/Page_Register/button_Daftar' is clicked on

2022-10-31 20:05:25 - [MESSAGE][PASSED] - Call Test Case 'Test Cases/Pages/UserRegister/Click btn Daftar' successfully

2022-10-31 20:05:25 - [TEST_STEP][PASSED] - delay(7): Delayed 7 second(s)

2022-10-31 20:05:32 - [MESSAGE][PASSED] - Delayed 7 second(s)

2022-10-31 20:05:32 - [TEST_STEP][PASSED] - Start listener action : afterTestCase: Browser is closed

2022-10-31 20:05:32 - [TEST_STEP][PASSED] - logInfo("Test Case: " + testCaseContext.getTestCaseId()): Test Case: Test Cases/StepDefinition/Feature Registrasi/REGIS003 - User want to register without email address

2022-10-31 20:05:32 - [MESSAGE][INFO] - Test Case: Test Cases/StepDefinition/Feature Registrasi/REGIS003 - User want to register without email address

2022-10-31 20:05:32 - [TEST_STEP][PASSED] - closeBrowser(): null

2022-10-31 20:05:32 - [TEST_STEP][PASSED] - closeBrowser(): Browser is closed

2022-10-31 20:05:33 - [MESSAGE][PASSED] - Browser is closed]]></system-out>
         <system-err><![CDATA[]]></system-err>
      </testcase>
      <testcase name="Test Cases/StepDefinition/Feature Registrasi/REGIS004 - User want to register without password" time="18.583" classname="Test Cases/StepDefinition/Feature Registrasi/REGIS004 - User want to register without password" status="PASSED">
         <system-out><![CDATA[2022-10-31 20:05:33 - [TEST_CASE][PASSED] - Test Cases/StepDefinition/Feature Registrasi/REGIS004 - User want to register without password: Test Cases/StepDefinition/Feature Registrasi/REGIS004 - User want to register without password

2022-10-31 20:05:33 - [TEST_STEP][PASSED] - Start listener action : beforeTestCase: Navigate to 'https://deployed-five.vercel.app/' successfully

2022-10-31 20:05:33 - [TEST_STEP][PASSED] - logInfo("Test Case: " + testCaseContext.getTestCaseId()): Test Case: Test Cases/StepDefinition/Feature Registrasi/REGIS004 - User want to register without password

2022-10-31 20:05:33 - [MESSAGE][INFO] - Test Case: Test Cases/StepDefinition/Feature Registrasi/REGIS004 - User want to register without password

2022-10-31 20:05:33 - [TEST_STEP][PASSED] - openBrowser(): null

2022-10-31 20:05:33 - [TEST_STEP][PASSED] - openBrowser(""): Browser is opened with url: ''

2022-10-31 20:05:33 - [MESSAGE][INFO] - Starting 'Chrome' driver

2022-10-31 20:05:33 - [MESSAGE][INFO] - Action delay is set to 0 milliseconds

2022-10-31 20:05:35 - [MESSAGE][PASSED] - Browser is opened with url: ''

2022-10-31 20:05:35 - [TEST_STEP][PASSED] - maximizeWindow(): Current window maximized

2022-10-31 20:05:35 - [MESSAGE][PASSED] - Current window maximized

2022-10-31 20:05:35 - [TEST_STEP][PASSED] - navigateToUrl("https://deployed-five.vercel.app/"): Navigate to 'https://deployed-five.vercel.app/' successfully

2022-10-31 20:05:37 - [MESSAGE][PASSED] - Navigate to 'https://deployed-five.vercel.app/' successfully

2022-10-31 20:05:38 - [TEST_STEP][PASSED] - callTestCase(findTestCase("Pages/UserRegister/Click Link Masuk"), [:], STOP_ON_FAILURE): Call Test Case 'Test Cases/Pages/UserRegister/Click Link Masuk' successfully

2022-10-31 20:05:38 - [TEST_CASE][PASSED] - Test Cases/Pages/UserRegister/Click Link Masuk: Test Cases/Pages/UserRegister/Click Link Masuk

2022-10-31 20:05:38 - [TEST_STEP][PASSED] - click(findTestObject("Page_Register/link_Masuk")): Object: 'Object Repository/Page_Register/link_Masuk' is clicked on

2022-10-31 20:05:39 - [MESSAGE][PASSED] - Object: 'Object Repository/Page_Register/link_Masuk' is clicked on

2022-10-31 20:05:39 - [MESSAGE][PASSED] - Call Test Case 'Test Cases/Pages/UserRegister/Click Link Masuk' successfully

2022-10-31 20:05:39 - [TEST_STEP][PASSED] - callTestCase(findTestCase("Pages/UserRegister/Click Link Daftar di sini"), [:], STOP_ON_FAILURE): Call Test Case 'Test Cases/Pages/UserRegister/Click Link Daftar di sini' successfully

2022-10-31 20:05:39 - [TEST_CASE][PASSED] - Test Cases/Pages/UserRegister/Click Link Daftar di sini: Test Cases/Pages/UserRegister/Click Link Daftar di sini

2022-10-31 20:05:39 - [TEST_STEP][PASSED] - click(findTestObject("Page_Register/link_Daftardisini")): Object: 'Object Repository/Page_Register/link_Daftardisini' is clicked on

2022-10-31 20:05:40 - [MESSAGE][PASSED] - Object: 'Object Repository/Page_Register/link_Daftardisini' is clicked on

2022-10-31 20:05:40 - [MESSAGE][PASSED] - Call Test Case 'Test Cases/Pages/UserRegister/Click Link Daftar di sini' successfully

2022-10-31 20:05:40 - [TEST_STEP][PASSED] - callTestCase(findTestCase("Pages/UserRegister/Input Nama"), ["nama":"ageng"], STOP_ON_FAILURE): Call Test Case 'Test Cases/Pages/UserRegister/Input Nama' successfully

2022-10-31 20:05:40 - [TEST_CASE][PASSED] - Test Cases/Pages/UserRegister/Input Nama: Test Cases/Pages/UserRegister/Input Nama

2022-10-31 20:05:40 - [TEST_STEP][PASSED] - sendKeys(findTestObject("Page_Register/input_Nama"), nama): Keys 'ageng' sent to object: 'Object Repository/Page_Register/input_Nama'

2022-10-31 20:05:41 - [MESSAGE][PASSED] - Keys 'ageng' sent to object: 'Object Repository/Page_Register/input_Nama'

2022-10-31 20:05:41 - [MESSAGE][PASSED] - Call Test Case 'Test Cases/Pages/UserRegister/Input Nama' successfully

2022-10-31 20:05:41 - [TEST_STEP][PASSED] - callTestCase(findTestCase("Pages/UserRegister/Input Email"), ["email":"agengjobb@gmail.com"], STOP_ON_FAILURE): Call Test Case 'Test Cases/Pages/UserRegister/Input Email' successfully

2022-10-31 20:05:41 - [TEST_CASE][PASSED] - Test Cases/Pages/UserRegister/Input Email: Test Cases/Pages/UserRegister/Input Email

2022-10-31 20:05:41 - [TEST_STEP][PASSED] - sendKeys(findTestObject("Page_Register/input_Email"), email): Keys 'agengjobb@gmail.com' sent to object: 'Object Repository/Page_Register/input_Email'

2022-10-31 20:05:42 - [MESSAGE][PASSED] - Keys 'agengjobb@gmail.com' sent to object: 'Object Repository/Page_Register/input_Email'

2022-10-31 20:05:42 - [MESSAGE][PASSED] - Call Test Case 'Test Cases/Pages/UserRegister/Input Email' successfully

2022-10-31 20:05:42 - [TEST_STEP][PASSED] - callTestCase(findTestCase("Pages/UserRegister/Click btn Daftar"), [:], STOP_ON_FAILURE): Call Test Case 'Test Cases/Pages/UserRegister/Click btn Daftar' successfully

2022-10-31 20:05:42 - [TEST_CASE][PASSED] - Test Cases/Pages/UserRegister/Click btn Daftar: Test Cases/Pages/UserRegister/Click btn Daftar

2022-10-31 20:05:42 - [TEST_STEP][PASSED] - click(findTestObject("Page_Register/button_Daftar")): Object: 'Object Repository/Page_Register/button_Daftar' is clicked on

2022-10-31 20:05:43 - [MESSAGE][PASSED] - Object: 'Object Repository/Page_Register/button_Daftar' is clicked on

2022-10-31 20:05:43 - [MESSAGE][PASSED] - Call Test Case 'Test Cases/Pages/UserRegister/Click btn Daftar' successfully

2022-10-31 20:05:43 - [TEST_STEP][PASSED] - delay(7): Delayed 7 second(s)

2022-10-31 20:05:50 - [MESSAGE][PASSED] - Delayed 7 second(s)

2022-10-31 20:05:50 - [TEST_STEP][PASSED] - Start listener action : afterTestCase: Browser is closed

2022-10-31 20:05:50 - [TEST_STEP][PASSED] - logInfo("Test Case: " + testCaseContext.getTestCaseId()): Test Case: Test Cases/StepDefinition/Feature Registrasi/REGIS004 - User want to register without password

2022-10-31 20:05:50 - [MESSAGE][INFO] - Test Case: Test Cases/StepDefinition/Feature Registrasi/REGIS004 - User want to register without password

2022-10-31 20:05:50 - [TEST_STEP][PASSED] - closeBrowser(): null

2022-10-31 20:05:50 - [TEST_STEP][PASSED] - closeBrowser(): Browser is closed

2022-10-31 20:05:51 - [MESSAGE][PASSED] - Browser is closed]]></system-out>
         <system-err><![CDATA[]]></system-err>
      </testcase>
      <testcase name="Test Cases/StepDefinition/Feature Registrasi/REGIS005 - User want register without email password" time="17.626" classname="Test Cases/StepDefinition/Feature Registrasi/REGIS005 - User want register without email password" status="PASSED">
         <system-out><![CDATA[2022-10-31 20:05:51 - [TEST_CASE][PASSED] - Test Cases/StepDefinition/Feature Registrasi/REGIS005 - User want register without email password: Test Cases/StepDefinition/Feature Registrasi/REGIS005 - User want register without email password

2022-10-31 20:05:51 - [TEST_STEP][PASSED] - Start listener action : beforeTestCase: Navigate to 'https://deployed-five.vercel.app/' successfully

2022-10-31 20:05:51 - [TEST_STEP][PASSED] - logInfo("Test Case: " + testCaseContext.getTestCaseId()): Test Case: Test Cases/StepDefinition/Feature Registrasi/REGIS005 - User want register without email password

2022-10-31 20:05:51 - [MESSAGE][INFO] - Test Case: Test Cases/StepDefinition/Feature Registrasi/REGIS005 - User want register without email password

2022-10-31 20:05:51 - [TEST_STEP][PASSED] - openBrowser(): null

2022-10-31 20:05:51 - [TEST_STEP][PASSED] - openBrowser(""): Browser is opened with url: ''

2022-10-31 20:05:51 - [MESSAGE][INFO] - Starting 'Chrome' driver

2022-10-31 20:05:51 - [MESSAGE][INFO] - Action delay is set to 0 milliseconds

2022-10-31 20:05:54 - [MESSAGE][PASSED] - Browser is opened with url: ''

2022-10-31 20:05:54 - [TEST_STEP][PASSED] - maximizeWindow(): Current window maximized

2022-10-31 20:05:54 - [MESSAGE][PASSED] - Current window maximized

2022-10-31 20:05:54 - [TEST_STEP][PASSED] - navigateToUrl("https://deployed-five.vercel.app/"): Navigate to 'https://deployed-five.vercel.app/' successfully

2022-10-31 20:05:56 - [MESSAGE][PASSED] - Navigate to 'https://deployed-five.vercel.app/' successfully

2022-10-31 20:05:57 - [TEST_STEP][PASSED] - callTestCase(findTestCase("Pages/UserRegister/Click Link Masuk"), [:], STOP_ON_FAILURE): Call Test Case 'Test Cases/Pages/UserRegister/Click Link Masuk' successfully

2022-10-31 20:05:57 - [TEST_CASE][PASSED] - Test Cases/Pages/UserRegister/Click Link Masuk: Test Cases/Pages/UserRegister/Click Link Masuk

2022-10-31 20:05:57 - [TEST_STEP][PASSED] - click(findTestObject("Page_Register/link_Masuk")): Object: 'Object Repository/Page_Register/link_Masuk' is clicked on

2022-10-31 20:05:58 - [MESSAGE][PASSED] - Object: 'Object Repository/Page_Register/link_Masuk' is clicked on

2022-10-31 20:05:58 - [MESSAGE][PASSED] - Call Test Case 'Test Cases/Pages/UserRegister/Click Link Masuk' successfully

2022-10-31 20:05:58 - [TEST_STEP][PASSED] - callTestCase(findTestCase("Pages/UserRegister/Click Link Daftar di sini"), [:], STOP_ON_FAILURE): Call Test Case 'Test Cases/Pages/UserRegister/Click Link Daftar di sini' successfully

2022-10-31 20:05:58 - [TEST_CASE][PASSED] - Test Cases/Pages/UserRegister/Click Link Daftar di sini: Test Cases/Pages/UserRegister/Click Link Daftar di sini

2022-10-31 20:05:58 - [TEST_STEP][PASSED] - click(findTestObject("Page_Register/link_Daftardisini")): Object: 'Object Repository/Page_Register/link_Daftardisini' is clicked on

2022-10-31 20:05:58 - [MESSAGE][PASSED] - Object: 'Object Repository/Page_Register/link_Daftardisini' is clicked on

2022-10-31 20:05:58 - [MESSAGE][PASSED] - Call Test Case 'Test Cases/Pages/UserRegister/Click Link Daftar di sini' successfully

2022-10-31 20:05:58 - [TEST_STEP][PASSED] - callTestCase(findTestCase("Pages/UserRegister/Input Nama"), ["nama":"alwi kun"], STOP_ON_FAILURE): Call Test Case 'Test Cases/Pages/UserRegister/Input Nama' successfully

2022-10-31 20:05:59 - [TEST_CASE][PASSED] - Test Cases/Pages/UserRegister/Input Nama: Test Cases/Pages/UserRegister/Input Nama

2022-10-31 20:05:59 - [TEST_STEP][PASSED] - sendKeys(findTestObject("Page_Register/input_Nama"), nama): Keys 'alwi kun' sent to object: 'Object Repository/Page_Register/input_Nama'

2022-10-31 20:05:59 - [MESSAGE][PASSED] - Keys 'alwi kun' sent to object: 'Object Repository/Page_Register/input_Nama'

2022-10-31 20:05:59 - [MESSAGE][PASSED] - Call Test Case 'Test Cases/Pages/UserRegister/Input Nama' successfully

2022-10-31 20:05:59 - [TEST_STEP][PASSED] - callTestCase(findTestCase("Pages/UserRegister/Click btn Daftar"), [:], STOP_ON_FAILURE): Call Test Case 'Test Cases/Pages/UserRegister/Click btn Daftar' successfully

2022-10-31 20:06:00 - [TEST_CASE][PASSED] - Test Cases/Pages/UserRegister/Click btn Daftar: Test Cases/Pages/UserRegister/Click btn Daftar

2022-10-31 20:06:00 - [TEST_STEP][PASSED] - click(findTestObject("Page_Register/button_Daftar")): Object: 'Object Repository/Page_Register/button_Daftar' is clicked on

2022-10-31 20:06:00 - [MESSAGE][PASSED] - Object: 'Object Repository/Page_Register/button_Daftar' is clicked on

2022-10-31 20:06:00 - [MESSAGE][PASSED] - Call Test Case 'Test Cases/Pages/UserRegister/Click btn Daftar' successfully

2022-10-31 20:06:00 - [TEST_STEP][PASSED] - delay(7): Delayed 7 second(s)

2022-10-31 20:06:07 - [MESSAGE][PASSED] - Delayed 7 second(s)

2022-10-31 20:06:07 - [TEST_STEP][PASSED] - Start listener action : afterTestCase: Browser is closed

2022-10-31 20:06:07 - [TEST_STEP][PASSED] - logInfo("Test Case: " + testCaseContext.getTestCaseId()): Test Case: Test Cases/StepDefinition/Feature Registrasi/REGIS005 - User want register without email password

2022-10-31 20:06:07 - [MESSAGE][INFO] - Test Case: Test Cases/StepDefinition/Feature Registrasi/REGIS005 - User want register without email password

2022-10-31 20:06:07 - [TEST_STEP][PASSED] - closeBrowser(): null

2022-10-31 20:06:07 - [TEST_STEP][PASSED] - closeBrowser(): Browser is closed

2022-10-31 20:06:09 - [MESSAGE][PASSED] - Browser is closed]]></system-out>
         <system-err><![CDATA[]]></system-err>
      </testcase>
      <system-out><![CDATA[2022-10-31 20:04:15 - [TEST_SUITE][PASSED] - Register: Test Cases/StepDefinition/Feature Registrasi/REGIS005 - User want register without email password]]></system-out>
      <system-err><![CDATA[]]></system-err>
   </testsuite>
</testsuites>
